|SourceProjectName:RhinoIronPython.hpr
|DestinationProjectName:index.html
whhost.js
whmsg.js
whmozemu.js
whutils.js
whproxy.js
whstub.js
whver.js
whform.js
whphost.js
whstart.js
whtopic.js
whframes.js
whlang.js
xmlreadhelper.js
whskin_info.htm
whskin_blank.htm
whskin_pickup.htm
whskin_homepage.htm
whskin_tw.htm
whnjs.htm
whthost.js
whtdhtml.htm
whihost.js
whibody.htm
whiform.htm
whfhost.js
whfbody.htm
whfform.htm
whghost.js
whgbody.htm
whgdhtml.htm
whgdef.htm
whproj.js
whproj.htm
whdata\whtoc.js
whdata\whtoc.htm
whdata\whtdata.js
whdata\whidx.js
whdata\whidx.htm
whdata\whidata.js
whdata\whglo.js
whdata\whglo.htm
whdata\whgdata.js
whgdata\whnvp30.htm
whgdata\whnvp31.htm
whgdata\whnvp32.htm
whgdata\whnvp33.htm
whgdata\whnvt30.htm
whgdata\whnvt31.htm
whgdata\whnvt32.htm
whgdata\whnvt33.htm
whgdata\whnvf30.htm
whgdata\whnvf31.htm
whgdata\whnvf32.htm
whgdata\whnvf33.htm
whgdata\whnvl31.htm
whgdata\whnvl32.htm
whgdata\whnvl33.htm
whgdata\whexpbar.gif
cshdat_webhelp.htm
whcsh_home.htm
whcshdata.js
cshdat_robohelp.htm
whd_topic.xml
whd_nvp10.htm
whd_nvp20.htm
whd_tabs.htm
whd_dpns.htm
whd_tab0.gif
whd_tab1.gif
whd_tab2.gif
whd_tab3.gif
whd_tab4.gif
whd_tab5.gif
whd_tab6.gif
whd_tab7.gif
whd_tab8.gif
whd_toc1.gif
whd_toc2.gif
whd_toc3.gif
whd_toc4.gif
whd_show0.gif
whd_show1.gif
whd_show2.gif
whd_hide0.gif
whd_hide1.gif
whd_hide2.gif
whd_sync0.gif
whd_sync1.gif
whd_sync2.gif
whd_prev0.gif
whd_prev1.gif
whd_prev2.gif
whd_next0.gif
whd_next1.gif
whd_next2.gif
whd_wbsh0.gif
whd_wbsh1.gif
whd_wbsh2.gif
whidhtml.htm
whfdhtml.htm
index_hha.hhk
index.hhc
index.hhk
introduction\apis.htm
introduction\getting_started.htm
introduction\introduction.htm
introduction\learningpython.htm
introduction\rhino-python_atom_package.htm
introduction\rhino_package.htm
modules\application\addalias.htm
modules\application\addsearchpath.htm
modules\application\aliascount.htm
modules\application\aliasmacro.htm
modules\application\aliasnames.htm
modules\application\appearancecolor.htm
modules\application\application_module.htm
modules\application\autosavefile.htm
modules\application\autosaveinterval.htm
modules\application\builddate.htm
modules\application\clearcommandhistory.htm
modules\application\command.htm
modules\application\commandhistory.htm
modules\application\defaultrenderer.htm
modules\application\deletealias.htm
modules\application\deletesearchpath.htm
modules\application\displayolealerts.htm
modules\application\edgeanalysiscolor.htm
modules\application\edgeanalysismode.htm
modules\application\enableautosave.htm
modules\application\enableplugin.htm
modules\application\exefolder.htm
modules\application\exeplatform.htm
modules\application\exeservicerelease.htm
modules\application\exeversion.htm
modules\application\exit.htm
modules\application\findfile.htm
modules\application\getpluginobject.htm
modules\application\incommand.htm
modules\application\installfolder.htm
modules\application\isalias.htm
modules\application\iscommand.htm
modules\application\isplugin.htm
modules\application\isrunningonwindows.htm
modules\application\lastcommandname.htm
modules\application\lastcommandresult.htm
modules\application\localeid.htm
modules\application\ortho.htm
modules\application\osnap.htm
modules\application\osnapdialog.htm
modules\application\osnapmode.htm
modules\application\planar.htm
modules\application\pluginid.htm
modules\application\plugins.htm
modules\application\projectosnaps.htm
modules\application\prompt.htm
modules\application\screensize.htm
modules\application\sdkversion.htm
modules\application\searchpathcount.htm
modules\application\searchpathlist.htm
modules\application\sendkeystrokes.htm
modules\application\snap.htm
modules\application\statusbardistance.htm
modules\application\statusbarmessage.htm
modules\application\statusbarpoint.htm
modules\application\statusbarprogressmeter.htm
modules\application\templatefile.htm
modules\application\templatefolder.htm
modules\application\windowhandle.htm
modules\application\workingfolder.htm
modules\block\addblock.htm
modules\block\blockcontainercount.htm
modules\block\blockcontainers.htm
modules\block\blockcount.htm
modules\block\blockdescription.htm
modules\block\blockinstancecount.htm
modules\block\blockinstanceinsertpoint.htm
modules\block\blockinstancename.htm
modules\block\blockinstances.htm
modules\block\blockinstancexform.htm
modules\block\blocknames.htm
modules\block\blockobjectcount.htm
modules\block\blockobjects.htm
modules\block\blockpath.htm
modules\block\blockstatus.htm
modules\block\deleteblock.htm
modules\block\insertblock.htm
modules\block\isblock.htm
modules\block\isblockembedded.htm
modules\block\isblockinstance.htm
modules\block\isblockinuse.htm
modules\block\isblockreference.htm
modules\block\renameblock.htm
modules\curve\addarc.htm
modules\curve\addarc3pt.htm
modules\curve\addarcpttanpt.htm
modules\curve\addblendcurve.htm
modules\curve\addcircle.htm
modules\curve\addcircle3pt.htm
modules\curve\addcurve.htm
modules\curve\addellipse.htm
modules\curve\addellipse3pt.htm
modules\curve\addfilletcurve.htm
modules\curve\addinterpcrvonsrf.htm
modules\curve\addinterpcrvonsrfuv.htm
modules\curve\addinterpcurve.htm
modules\curve\addline.htm
modules\curve\addnurbscurve.htm
modules\curve\addpolyline.htm
modules\curve\addrectangle.htm
modules\curve\addspiral.htm
modules\curve\addsubcrv.htm
modules\curve\arcangle.htm
modules\curve\arccenterpoint.htm
modules\curve\arcmidpoint.htm
modules\curve\arcradius.htm
modules\curve\changecurvedegree.htm
modules\curve\circlecenterpoint.htm
modules\curve\circlecircumference.htm
modules\curve\circleradius.htm
modules\curve\closecurve.htm
modules\curve\closedcurveorientation.htm
modules\curve\convertcurvetopolyline.htm
modules\curve\curve_module.htm
modules\curve\curvearclengthpoint.htm
modules\curve\curvearea.htm
modules\curve\curveareacentroid.htm
modules\curve\curvearrows.htm
modules\curve\curvebooleandifference.htm
modules\curve\curvebooleanintersection.htm
modules\curve\curvebooleanunion.htm
modules\curve\curvebrepintersect.htm
modules\curve\curveclosestobject.htm
modules\curve\curveclosestpoint.htm
modules\curve\curvecontourpoints.htm
modules\curve\curvecurvature.htm
modules\curve\curvecurveintersection.htm
modules\curve\curvedegree.htm
modules\curve\curvedeviation.htm
modules\curve\curvedim.htm
modules\curve\curvedirectionsmatch.htm
modules\curve\curvediscontinuity.htm
modules\curve\curvedomain.htm
modules\curve\curveeditpoints.htm
modules\curve\curveendpoint.htm
modules\curve\curvefilletpoints.htm
modules\curve\curveframe.htm
modules\curve\curveknotcount.htm
modules\curve\curveknots.htm
modules\curve\curvelength.htm
modules\curve\curvemidpoint.htm
modules\curve\curvenormal.htm
modules\curve\curvenormalizedparameter.htm
modules\curve\curveparameter.htm
modules\curve\curveperpframe.htm
modules\curve\curveplane.htm
modules\curve\curvepointcount.htm
modules\curve\curvepoints.htm
modules\curve\curveradius.htm
modules\curve\curveseam.htm
modules\curve\curvestartpoint.htm
modules\curve\curvesurfaceintersection.htm
modules\curve\curvetangent.htm
modules\curve\curveweights.htm
modules\curve\dividecurve.htm
modules\curve\dividecurveequidistant.htm
modules\curve\dividecurvelength.htm
modules\curve\ellipsecenterpoint.htm
modules\curve\ellipsequadpoints.htm
modules\curve\evaluatecurve.htm
modules\curve\explodecurves.htm
modules\curve\extendcurve.htm
modules\curve\extendcurvelength.htm
modules\curve\extendcurvepoint.htm
modules\curve\faircurve.htm
modules\curve\fitcurve.htm
modules\curve\insertcurveknot.htm
modules\curve\isarc.htm
modules\curve\iscircle.htm
modules\curve\iscurve.htm
modules\curve\iscurveclosable.htm
modules\curve\iscurveclosed.htm
modules\curve\iscurveinplane.htm
modules\curve\iscurvelinear.htm
modules\curve\iscurveperiodic.htm
modules\curve\iscurveplanar.htm
modules\curve\iscurverational.htm
modules\curve\isellipse.htm
modules\curve\isline.htm
modules\curve\ispointoncurve.htm
modules\curve\ispolycurve.htm
modules\curve\ispolyline.htm
modules\curve\joincurves.htm
modules\curve\linefitfrompoints.htm
modules\curve\makecurvenonperiodic.htm
modules\curve\meancurve.htm
modules\curve\meshpolyline.htm
modules\curve\offsetcurve.htm
modules\curve\offsetcurveonsurface.htm
modules\curve\planarclosedcurvecontainment.htm
modules\curve\planarcurvecollision.htm
modules\curve\pointinplanarclosedcurve.htm
modules\curve\polycurvecount.htm
modules\curve\polylinevertices.htm
modules\curve\projectcurvetomesh.htm
modules\curve\projectcurvetosurface.htm
modules\curve\rebuildcurve.htm
modules\curve\reversecurve.htm
modules\curve\simplifycurve.htm
modules\curve\splitcurve.htm
modules\curve\trimcurve.htm
modules\dimension\addaligneddimension.htm
modules\dimension\adddimstyle.htm
modules\dimension\addleader.htm
modules\dimension\addlineardimension.htm
modules\dimension\currentdimstyle.htm
modules\dimension\deletedimstyle.htm
modules\dimension\dimension_module.htm
modules\dimension\dimensionstyle.htm
modules\dimension\dimensiontext.htm
modules\dimension\dimensionusertext.htm
modules\dimension\dimensionvalue.htm
modules\dimension\dimstyleangleprecision.htm
modules\dimension\dimstylearrowsize.htm
modules\dimension\dimstylecount.htm
modules\dimension\dimstyleextension.htm
modules\dimension\dimstylefont.htm
modules\dimension\dimstyleleaderarrowsize.htm
modules\dimension\dimstylelengthfactor.htm
modules\dimension\dimstylelinearprecision.htm
modules\dimension\dimstylenames.htm
modules\dimension\dimstylenumberformat.htm
modules\dimension\dimstyleoffset.htm
modules\dimension\dimstyleprefix.htm
modules\dimension\dimstylesuffix.htm
modules\dimension\dimstyletextalignment.htm
modules\dimension\dimstyletextgap.htm
modules\dimension\dimstyletextheight.htm
modules\dimension\isaligneddimension.htm
modules\dimension\isangulardimension.htm
modules\dimension\isdiameterdimension.htm
modules\dimension\isdimension.htm
modules\dimension\isdimstyle.htm
modules\dimension\isdimstylereference.htm
modules\dimension\isleader.htm
modules\dimension\isordinatedimension.htm
modules\dimension\isradialdimension.htm
modules\dimension\leadertext.htm
modules\dimension\renamedimstyle.htm
modules\document\createpreviewimage.htm
modules\document\document_module.htm
modules\document\documentmodified.htm
modules\document\documentname.htm
modules\document\documentpath.htm
modules\document\enableredraw.htm
modules\document\extractpreviewimage.htm
modules\document\isdocumentmodified.htm
modules\document\notes.htm
modules\document\readfileversion.htm
modules\document\redraw.htm
modules\document\renderantialias.htm
modules\document\rendercolor.htm
modules\document\renderresolution.htm
modules\document\rendersettings.htm
modules\document\unitabsolutetolerance.htm
modules\document\unitangletolerance.htm
modules\document\unitdistancedisplayprecision.htm
modules\document\unitrelativetolerance.htm
modules\document\unitscale.htm
modules\document\unitsystem.htm
modules\document\unitsystemname.htm
modules\geometry\addclippingplane.htm
modules\geometry\addpictureframe.htm
modules\geometry\addpoint.htm
modules\geometry\addpointcloud.htm
modules\geometry\addpoints.htm
modules\geometry\addtext.htm
modules\geometry\addtextdot.htm
modules\geometry\area.htm
modules\geometry\boundingbox.htm
modules\geometry\explodetext.htm
modules\geometry\geometry_module.htm
modules\geometry\isclippingplane.htm
modules\geometry\ispoint.htm
modules\geometry\ispointcloud.htm
modules\geometry\istext.htm
modules\geometry\istextdot.htm
modules\geometry\pointcloudcount.htm
modules\geometry\pointcloudhashiddenpoints.htm
modules\geometry\pointcloudhaspointcolors.htm
modules\geometry\pointcloudhidepoints.htm
modules\geometry\pointcloudpointcolors.htm
modules\geometry\pointcloudpoints.htm
modules\geometry\pointcoordinates.htm
modules\geometry\textdotfont.htm
modules\geometry\textdotheight.htm
modules\geometry\textdotpoint.htm
modules\geometry\textdottext.htm
modules\geometry\textobjectfont.htm
modules\geometry\textobjectheight.htm
modules\geometry\textobjectplane.htm
modules\geometry\textobjectpoint.htm
modules\geometry\textobjectstyle.htm
modules\geometry\textobjecttext.htm
modules\grips\enableobjectgrips.htm
modules\grips\getobjectgrip.htm
modules\grips\getobjectgrips.htm
modules\grips\grips_module.htm
modules\grips\nextobjectgrip.htm
modules\grips\objectgripcount.htm
modules\grips\objectgriplocation.htm
modules\grips\objectgriplocations.htm
modules\grips\objectgripson.htm
modules\grips\objectgripsselected.htm
modules\grips\prevobjectgrip.htm
modules\grips\selectedobjectgrips.htm
modules\grips\selectobjectgrip.htm
modules\grips\selectobjectgrips.htm
modules\grips\unselectobjectgrip.htm
modules\grips\unselectobjectgrips.htm
modules\group\addgroup.htm
modules\group\addobjectstogroup.htm
modules\group\addobjecttogroup.htm
modules\group\deletegroup.htm
modules\group\group_module.htm
modules\group\groupcount.htm
modules\group\groupnames.htm
modules\group\hidegroup.htm
modules\group\isgroup.htm
modules\group\isgroupempty.htm
modules\group\lockgroup.htm
modules\group\removeobjectfromallgroups.htm
modules\group\removeobjectfromgroup.htm
modules\group\removeobjectsfromgroup.htm
modules\group\renamegroup.htm
modules\group\showgroup.htm
modules\group\unlockgroup.htm
modules\hatch\addhatch.htm
modules\hatch\addhatches.htm
modules\hatch\addhatchpatterns.htm
modules\hatch\currenthatchpattern.htm
modules\hatch\explodehatch.htm
modules\hatch\hatch_module.htm
modules\hatch\hatchpattern.htm
modules\hatch\hatchpatterncount.htm
modules\hatch\hatchpatterndescription.htm
modules\hatch\hatchpatternfilltype.htm
modules\hatch\hatchpatternnames.htm
modules\hatch\hatchrotation.htm
modules\hatch\hatchscale.htm
modules\hatch\ishatch.htm
modules\hatch\ishatchpattern.htm
modules\hatch\ishatchpatterncurrent.htm
modules\hatch\ishatchpatternreference.htm
modules\layer\addlayer.htm
modules\layer\currentlayer.htm
modules\layer\deletelayer.htm
modules\layer\expandlayer.htm
modules\layer\islayer.htm
modules\layer\islayerchangeable.htm
modules\layer\islayerchildof.htm
modules\layer\islayercurrent.htm
modules\layer\islayerempty.htm
modules\layer\islayerexpanded.htm
modules\layer\islayerlocked.htm
modules\layer\islayeron.htm
modules\layer\islayerparentof.htm
modules\layer\islayerreference.htm
modules\layer\islayerselectable.htm
modules\layer\islayervisible.htm
modules\layer\layer_module.htm
modules\layer\layerchildcount.htm
modules\layer\layerchildren.htm
modules\layer\layercolor.htm
modules\layer\layercount.htm
modules\layer\layerids.htm
modules\layer\layerlinetype.htm
modules\layer\layerlocked.htm
modules\layer\layermaterialindex.htm
modules\layer\layername.htm
modules\layer\layernames.htm
modules\layer\layerorder.htm
modules\layer\layerprintcolor.htm
modules\layer\layerprintwidth.htm
modules\layer\layervisible.htm
modules\layer\parentlayer.htm
modules\layer\purgelayer.htm
modules\layer\renamelayer.htm
modules\light\adddirectionallight.htm
modules\light\addlinearlight.htm
modules\light\addpointlight.htm
modules\light\addrectangularlight.htm
modules\light\addspotlight.htm
modules\light\enablelight.htm
modules\light\isdirectionallight.htm
modules\light\islight.htm
modules\light\islightreference.htm
modules\light\islinearlight.htm
modules\light\ispointlight.htm
modules\light\isrectangularlight.htm
modules\light\isspotlight.htm
modules\light\light_module.htm
modules\light\lightcolor.htm
modules\light\lightcount.htm
modules\light\lightdirection.htm
modules\light\lightlocation.htm
modules\light\lightname.htm
modules\light\lightobjects.htm
modules\light\rectangularlightplane.htm
modules\light\spotlighthardness.htm
modules\light\spotlightradius.htm
modules\light\spotlightshadowintensity.htm
modules\line\lineclosestpoint.htm
modules\line\linecylinderintersection.htm
modules\line\lineisfartherthan.htm
modules\line\linelineintersection.htm
modules\line\linemaxdistanceto.htm
modules\line\linemindistanceto.htm
modules\line\lineplane.htm
modules\line\lineplaneintersection.htm
modules\line\linesphereintersection.htm
modules\line\linetransform.htm
modules\linetype\islinetype.htm
modules\linetype\islinetypereference.htm
modules\linetype\linetype_module.htm
modules\linetype\linetypecount.htm
modules\linetype\linetypenames.htm
modules\material\addmaterialtolayer.htm
modules\material\addmaterialtoobject.htm
modules\material\copymaterial.htm
modules\material\ismaterialdefault.htm
modules\material\ismaterialreference.htm
modules\material\matchmaterial.htm
modules\material\material_module.htm
modules\material\materialbump.htm
modules\material\materialcolor.htm
modules\material\materialenvironmentmap.htm
modules\material\materialname.htm
modules\material\materialreflectivecolor.htm
modules\material\materialshine.htm
modules\material\materialtexture.htm
modules\material\materialtransparency.htm
modules\material\materialtransparencymap.htm
modules\material\resetmaterial.htm
modules\mesh\addmesh.htm
modules\mesh\addplanarmesh.htm
modules\mesh\curvemeshintersection.htm
modules\mesh\disjointmeshcount.htm
modules\mesh\duplicatemeshborder.htm
modules\mesh\explodemeshes.htm
modules\mesh\ismesh.htm
modules\mesh\ismeshclosed.htm
modules\mesh\ismeshmanifold.htm
modules\mesh\ispointonmesh.htm
modules\mesh\joinmeshes.htm
modules\mesh\mesh_module.htm
modules\mesh\mesharea.htm
modules\mesh\meshareacentroid.htm
modules\mesh\meshbooleandifference.htm
modules\mesh\meshbooleanintersection.htm
modules\mesh\meshbooleansplit.htm
modules\mesh\meshbooleanunion.htm
modules\mesh\meshclosestpoint.htm
modules\mesh\meshfacecenters.htm
modules\mesh\meshfacecount.htm
modules\mesh\meshfacenormals.htm
modules\mesh\meshfaces.htm
modules\mesh\meshfacevertices.htm
modules\mesh\meshhasfacenormals.htm
modules\mesh\meshhastexturecoordinates.htm
modules\mesh\meshhasvertexcolors.htm
modules\mesh\meshhasvertexnormals.htm
modules\mesh\meshmeshintersection.htm
modules\mesh\meshnakededgepoints.htm
modules\mesh\meshoffset.htm
modules\mesh\meshoutline.htm
modules\mesh\meshquadcount.htm
modules\mesh\meshquadstotriangles.htm
modules\mesh\meshtonurb.htm
modules\mesh\meshtrianglecount.htm
modules\mesh\meshvertexcolors.htm
modules\mesh\meshvertexcount.htm
modules\mesh\meshvertexfaces.htm
modules\mesh\meshvertexnormals.htm
modules\mesh\meshvertices.htm
modules\mesh\meshvolume.htm
modules\mesh\meshvolumecentroid.htm
modules\mesh\pullcurvetomesh.htm
modules\mesh\splitdisjointmesh.htm
modules\mesh\unifymeshnormals.htm
modules\object\copyobject.htm
modules\object\copyobjects.htm
modules\object\deleteobject.htm
modules\object\deleteobjects.htm
modules\object\flashobject.htm
modules\object\hideobject.htm
modules\object\hideobjects.htm
modules\object\islayoutobject.htm
modules\object\isobject.htm
modules\object\isobjecthidden.htm
modules\object\isobjectinbox.htm
modules\object\isobjectingroup.htm
modules\object\isobjectlocked.htm
modules\object\isobjectnormal.htm
modules\object\isobjectreference.htm
modules\object\isobjectselectable.htm
modules\object\isobjectselected.htm
modules\object\isobjectsolid.htm
modules\object\isobjectvalid.htm
modules\object\isvisibleinview.htm
modules\object\lockobject.htm
modules\object\lockobjects.htm
modules\object\matchobjectattributes.htm
modules\object\mirrorobject.htm
modules\object\mirrorobjects.htm
modules\object\moveobject.htm
modules\object\moveobjects.htm
modules\object\object_module.htm
modules\object\objectcolor.htm
modules\object\objectcolorsource.htm
modules\object\objectdescription.htm
modules\object\objectgroups.htm
modules\object\objectlayer.htm
modules\object\objectlayout.htm
modules\object\objectlinetype.htm
modules\object\objectlinetypesource.htm
modules\object\objectmaterialindex.htm
modules\object\objectmaterialsource.htm
modules\object\objectname.htm
modules\object\objectprintcolor.htm
modules\object\objectprintcolorsource.htm
modules\object\objectprintwidth.htm
modules\object\objectprintwidthsource.htm
modules\object\objecttype.htm
modules\object\orientobject.htm
modules\object\rotateobject.htm
modules\object\rotateobjects.htm
modules\object\scaleobject.htm
modules\object\scaleobjects.htm
modules\object\selectobject.htm
modules\object\selectobjects.htm
modules\object\shearobject.htm
modules\object\shearobjects.htm
modules\object\showobject.htm
modules\object\showobjects.htm
modules\object\transformobject.htm
modules\object\transformobjects.htm
modules\object\unlockobject.htm
modules\object\unlockobjects.htm
modules\object\unselectobject.htm
modules\object\unselectobjects.htm
modules\plane\distancetoplane.htm
modules\plane\evaluateplane.htm
modules\plane\intersectplanes.htm
modules\plane\moveplane.htm
modules\plane\plane_module.htm
modules\plane\planeclosestpoint.htm
modules\plane\planecurveintersection.htm
modules\plane\planeequation.htm
modules\plane\planefitfrompoints.htm
modules\plane\planefromframe.htm
modules\plane\planefromnormal.htm
modules\plane\planefrompoints.htm
modules\plane\planeplaneintersection.htm
modules\plane\planesphereintersection.htm
modules\plane\planetransform.htm
modules\plane\rotateplane.htm
modules\plane\worldxyplane.htm
modules\plane\worldyzplane.htm
modules\plane\worldzxplane.htm
modules\pointvector\isvectorparallelto.htm
modules\pointvector\isvectorperpendicularto.htm
modules\pointvector\isvectortiny.htm
modules\pointvector\isvectorzero.htm
modules\pointvector\pointadd.htm
modules\pointvector\pointarrayboundingbox.htm
modules\pointvector\pointarrayclosestpoint.htm
modules\pointvector\pointarraytransform.htm
modules\pointvector\pointclosestobject.htm
modules\pointvector\pointcompare.htm
modules\pointvector\pointdivide.htm
modules\pointvector\pointsarecoplanar.htm
modules\pointvector\pointscale.htm
modules\pointvector\pointsubtract.htm
modules\pointvector\pointtransform.htm
modules\pointvector\pointvector_module.htm
modules\pointvector\projectpointtomesh.htm
modules\pointvector\projectpointtosurface.htm
modules\pointvector\pullpoints.htm
modules\pointvector\vectoradd.htm
modules\pointvector\vectorangle.htm
modules\pointvector\vectorcompare.htm
modules\pointvector\vectorcreate.htm
modules\pointvector\vectorcrossproduct.htm
modules\pointvector\vectordivide.htm
modules\pointvector\vectordotproduct.htm
modules\pointvector\vectorlength.htm
modules\pointvector\vectormultiply.htm
modules\pointvector\vectorreverse.htm
modules\pointvector\vectorrotate.htm
modules\pointvector\vectorscale.htm
modules\pointvector\vectorsubtract.htm
modules\pointvector\vectortransform.htm
modules\pointvector\vectorunitize.htm
modules\selection\allobjects.htm
modules\selection\firstobject.htm
modules\selection\getcurveobject.htm
modules\selection\getobject.htm
modules\selection\getobjectex.htm
modules\selection\getobjects.htm
modules\selection\getobjectsex.htm
modules\selection\getpointcoordinates.htm
modules\selection\getsurfaceobject.htm
modules\selection\hiddenobjects.htm
modules\selection\invertselectedobjects.htm
modules\selection\lastcreatedobjects.htm
modules\selection\lastobject.htm
modules\selection\lockedobjects.htm
modules\selection\nextobject.htm
modules\selection\normalobjects.htm
modules\selection\objectsbycolor.htm
modules\selection\objectsbygroup.htm
modules\selection\objectsbylayer.htm
modules\selection\objectsbyname.htm
modules\selection\objectsbytype.htm
modules\selection\selectedobjects.htm
modules\selection\selection_module.htm
modules\selection\unselectallobjects.htm
modules\selection\visibleobjects.htm
modules\selection\windowpick.htm
modules\surface\addbox.htm
modules\surface\addcone.htm
modules\surface\addcutplane.htm
modules\surface\addcylinder.htm
modules\surface\addedgesrf.htm
modules\surface\addloftsrf.htm
modules\surface\addnetworksrf.htm
modules\surface\addnurbssurface.htm
modules\surface\addpipe.htm
modules\surface\addplanarsrf.htm
modules\surface\addplanesurface.htm
modules\surface\addrevsrf.htm
modules\surface\addsphere.htm
modules\surface\addsrfcontourcrvs.htm
modules\surface\addsrfcontrolptgrid.htm
modules\surface\addsrfpt.htm
modules\surface\addsrfptgrid.htm
modules\surface\addsweep1.htm
modules\surface\addsweep2.htm
modules\surface\addtorus.htm
modules\surface\booleandifference.htm
modules\surface\booleanintersection.htm
modules\surface\booleanunion.htm
modules\surface\brepclosestpoint.htm
modules\surface\capplanarholes.htm
modules\surface\changesurfacedegree.htm
modules\surface\duplicateedgecurves.htm
modules\surface\duplicatesurfaceborder.htm
modules\surface\evaluatesurface.htm
modules\surface\explodepolysurfaces.htm
modules\surface\extendsurface.htm
modules\surface\extractisocurve.htm
modules\surface\extractsurface.htm
modules\surface\extrudecurve.htm
modules\surface\extrudecurvepoint.htm
modules\surface\extrudecurvestraight.htm
modules\surface\extrudesurface.htm
modules\surface\filletsurfaces.htm
modules\surface\flipsurface.htm
modules\surface\intersectbreps.htm
modules\surface\intersectspheres.htm
modules\surface\isbrep.htm
modules\surface\iscone.htm
modules\surface\iscylinder.htm
modules\surface\isplanesurface.htm
modules\surface\ispointinsurface.htm
modules\surface\ispointonsurface.htm
modules\surface\ispolysurface.htm
modules\surface\ispolysurfaceclosed.htm
modules\surface\issphere.htm
modules\surface\issurface.htm
modules\surface\issurfaceclosed.htm
modules\surface\issurfaceperiodic.htm
modules\surface\issurfaceplanar.htm
modules\surface\issurfacerational.htm
modules\surface\issurfacesingular.htm
modules\surface\issurfacetrimmed.htm
modules\surface\istorus.htm
modules\surface\joinsurfaces.htm
modules\surface\makesurfaceperiodic.htm
modules\surface\offsetsurface.htm
modules\surface\pullcurve.htm
modules\surface\rebuildsurface.htm
modules\surface\reversesurface.htm
modules\surface\shootray.htm
modules\surface\shortpath.htm
modules\surface\shrinktrimmedsurface.htm
modules\surface\splitbrep.htm
modules\surface\surface_module.htm
modules\surface\surfacearea.htm
modules\surface\surfaceareacentroid.htm
modules\surface\surfaceareamoments.htm
modules\surface\surfaceclosestpoint.htm
modules\surface\surfacecone.htm
modules\surface\surfacecurvature.htm
modules\surface\surfacecylinder.htm
modules\surface\surfacedegree.htm
modules\surface\surfacedomain.htm
modules\surface\surfaceeditpoints.htm
modules\surface\surfaceevaluate.htm
modules\surface\surfaceframe.htm
modules\surface\surfaceisocurvedensity.htm
modules\surface\surfaceknotcount.htm
modules\surface\surfaceknots.htm
modules\surface\surfacenormal.htm
modules\surface\surfacenormalizedparameter.htm
modules\surface\surfaceparameter.htm
modules\surface\surfacepointcount.htm
modules\surface\surfacepoints.htm
modules\surface\surfacetorus.htm
modules\surface\surfacevolume.htm
modules\surface\surfacevolumecentroid.htm
modules\surface\surfacevolumemoments.htm
modules\surface\surfaceweights.htm
modules\surface\trimbrep.htm
modules\surface\trimsurface.htm
modules\surface\unrollsurface.htm
modules\toolbar\closetoolbarcollection.htm
modules\toolbar\hidetoolbar.htm
modules\toolbar\istoolbar.htm
modules\toolbar\istoolbarcollection.htm
modules\toolbar\istoolbardocked.htm
modules\toolbar\istoolbarvisible.htm
modules\toolbar\opentoolbarcollection.htm
modules\toolbar\savetoolbarcollection.htm
modules\toolbar\savetoolbarcollectionas.htm
modules\toolbar\showtoolbar.htm
modules\toolbar\toolbar_module.htm
modules\toolbar\toolbarcollectioncount.htm
modules\toolbar\toolbarcollectionnames.htm
modules\toolbar\toolbarcollectionpath.htm
modules\toolbar\toolbarcount.htm
modules\toolbar\toolbarnames.htm
modules\transformation\isxformidentity.htm
modules\transformation\isxformsimilarity.htm
modules\transformation\isxformzero.htm
modules\transformation\transformation_module.htm
modules\transformation\xformchangebasis.htm
modules\transformation\xformcompare.htm
modules\transformation\xformcplanetoworld.htm
modules\transformation\xformdeterminant.htm
modules\transformation\xformdiagonal.htm
modules\transformation\xformidentity.htm
modules\transformation\xforminverse.htm
modules\transformation\xformmirror.htm
modules\transformation\xformmultiply.htm
modules\transformation\xformplanarprojection.htm
modules\transformation\xformrotation.htm
modules\transformation\xformscale.htm
modules\transformation\xformscreentoworld.htm
modules\transformation\xformshear.htm
modules\transformation\xformtranslation.htm
modules\transformation\xformworldtocplane.htm
modules\transformation\xformworldtoscreen.htm
modules\transformation\xformzero.htm
modules\userdata\deletedocumentdata.htm
modules\userdata\documentdatacount.htm
modules\userdata\documentusertextcount.htm
modules\userdata\getdocumentdata.htm
modules\userdata\getdocumentusertext.htm
modules\userdata\getusertext.htm
modules\userdata\isdocumentdata.htm
modules\userdata\isdocumentusertext.htm
modules\userdata\isusertext.htm
modules\userdata\setdocumentdata.htm
modules\userdata\setdocumentusertext.htm
modules\userdata\setusertext.htm
modules\userdata\userdata_module.htm
modules\userinterface\browseforfolder.htm
modules\userinterface\checklistbox.htm
modules\userinterface\combolistbox.htm
modules\userinterface\editbox.htm
modules\userinterface\getangle.htm
modules\userinterface\getboolean.htm
modules\userinterface\getbox.htm
modules\userinterface\getcolor.htm
modules\userinterface\getcursorpos.htm
modules\userinterface\getdistance.htm
modules\userinterface\getedgecurves.htm
modules\userinterface\getinteger.htm
modules\userinterface\getlayer.htm
modules\userinterface\getlayers.htm
modules\userinterface\getline.htm
modules\userinterface\getmeshfaces.htm
modules\userinterface\getmeshvertices.htm
modules\userinterface\getpoint.htm
modules\userinterface\getpointoncurve.htm
modules\userinterface\getpointonmesh.htm
modules\userinterface\getpointonsurface.htm
modules\userinterface\getpoints.htm
modules\userinterface\getreal.htm
modules\userinterface\getrectangle.htm
modules\userinterface\getstring.htm
modules\userinterface\listbox.htm
modules\userinterface\messagebox.htm
modules\userinterface\multilistbox.htm
modules\userinterface\openfilename.htm
modules\userinterface\openfilenames.htm
modules\userinterface\popupmenu.htm
modules\userinterface\propertylistbox.htm
modules\userinterface\realbox.htm
modules\userinterface\savefilename.htm
modules\userinterface\stringbox.htm
modules\userinterface\userinterface_module.htm
modules\utility\angle.htm
modules\utility\angle2.htm
modules\utility\clipboardtext.htm
modules\utility\coloradjustluma.htm
modules\utility\colorbluevalue.htm
modules\utility\colorgreenvalue.htm
modules\utility\colorhlstorgb.htm
modules\utility\colorredvalue.htm
modules\utility\colorrgbtohls.htm
modules\utility\contextisrhino.htm
modules\utility\cullduplicatenumbers.htm
modules\utility\cullduplicatepoints.htm
modules\utility\distance.htm
modules\utility\getsettings.htm
modules\utility\polar.htm
modules\utility\simplifyarray.htm
modules\utility\sleep.htm
modules\utility\sortpointlist.htm
modules\utility\sortpoints.htm
modules\utility\str2pt.htm
modules\utility\utility_module.htm
modules\view\adddetail.htm
modules\view\addlayout.htm
modules\view\addnamedcplane.htm
modules\view\addnamedview.htm
modules\view\currentdetail.htm
modules\view\currentview.htm
modules\view\deletenamedcplane.htm
modules\view\deletenamedview.htm
modules\view\detaillock.htm
modules\view\detailscale.htm
modules\view\isdetail.htm
modules\view\islayout.htm
modules\view\isview.htm
modules\view\isviewcurrent.htm
modules\view\isviewmaximized.htm
modules\view\isviewperspective.htm
modules\view\isviewtitlevisible.htm
modules\view\iswallpaper.htm
modules\view\maximizerestoreview.htm
modules\view\namedcplane.htm
modules\view\namedcplanes.htm
modules\view\namedviews.htm
modules\view\renameview.htm
modules\view\restorenamedcplane.htm
modules\view\restorenamedview.htm
modules\view\rotatecamera.htm
modules\view\rotateview.htm
modules\view\showgrid.htm
modules\view\showgridaxes.htm
modules\view\showviewtitle.htm
modules\view\showworldaxes.htm
modules\view\tiltview.htm
modules\view\view_module.htm
modules\view\viewcamera.htm
modules\view\viewcameralens.htm
modules\view\viewcameraplane.htm
modules\view\viewcameratarget.htm
modules\view\viewcameraup.htm
modules\view\viewcplane.htm
modules\view\viewdisplaymode.htm
modules\view\viewdisplaymodeid.htm
modules\view\viewdisplaymodename.htm
modules\view\viewdisplaymodes.htm
modules\view\viewnames.htm
modules\view\viewnearcorners.htm
modules\view\viewprojection.htm
modules\view\viewradius.htm
modules\view\viewsize.htm
modules\view\viewspeedtest.htm
modules\view\viewtarget.htm
modules\view\viewtitle.htm
modules\view\wallpaper.htm
modules\view\wallpapergrayscale.htm
modules\view\wallpaperhidden.htm
modules\view\zoomboundingbox.htm
modules\view\zoomextents.htm
modules\view\zoomselected.htm
title.htm
index.glo
rhinoscript.css
images\rhino_logo.png
robohhre.lng
modules\utility\contextisgrasshopper.htm
modules\light\islightenabled.htm
ehlpdhtm.js
modules\line\line_module.htm
modules\block\explodeblockinstance.htm
modules\block\block_module.htm
searchoptions.xml
modules\dimension\islineardimension.htm
modules\layer\layerid.htm
whxdata\package_0_xml.js
whxdata\package_1_xml.js
whxdata\package_2_xml.js
whxdata\package_3_xml.js
whxdata\package_4_xml.js
whxdata\package_5_xml.js
whxdata\package_6_xml.js
whxdata\package_7_xml.js
whxdata\package_8_xml.js
whxdata\package_9_xml.js
whxdata\package_10_xml.js
whxdata\package_11_xml.js
whxdata\package_12_xml.js
whxdata\package_13_xml.js
whxdata\package_14_xml.js
whxdata\package_15_xml.js
whxdata\package_16_xml.js
whxdata\package_17_xml.js
whxdata\package_18_xml.js
whxdata\package_19_xml.js
whxdata\package_20_xml.js
whxdata\package_21_xml.js
whxdata\package_22_xml.js
whxdata\package_23_xml.js
whxdata\package_24_xml.js
whxdata\package_25_xml.js
whxdata\package_26_xml.js
whxdata\package_27_xml.js
whxdata\package_28_xml.js
whxdata\package_29_xml.js
whxdata\package_30_xml.js
whxdata\package_31_xml.js
whxdata\package_32_xml.js
whxdata\package_33_xml.js
whxdata\package_34_xml.js
whxdata\package_35_xml.js
whxdata\package_36_xml.js
whxdata\package_37_xml.js
whxdata\package_38_xml.js
whxdata\package_39_xml.js
whxdata\package_40_xml.js
whxdata\package_41_xml.js
whxdata\package_42_xml.js
whxdata\package_43_xml.js
whxdata\package_44_xml.js
whxdata\package_45_xml.js
whxdata\package_46_xml.js
whxdata\package_47_xml.js
whxdata\package_48_xml.js
whxdata\package_49_xml.js
whxdata\package_50_xml.js
whxdata\package_51_xml.js
whxdata\package_52_xml.js
whxdata\package_53_xml.js
whxdata\package_54_xml.js
whxdata\package_55_xml.js
whxdata\package_56_xml.js
whxdata\package_57_xml.js
whxdata\package_58_xml.js
whxdata\package_59_xml.js
whxdata\package_60_xml.js
whxdata\package_61_xml.js
whxdata\package_62_xml.js
whxdata\package_63_xml.js
whxdata\package_64_xml.js
whxdata\package_65_xml.js
whxdata\package_66_xml.js
whxdata\package_67_xml.js
whxdata\package_68_xml.js
whxdata\packageindex_xml.js
whxdata\synonym.xml
whxdata\synonym_xml.js
whxdata\topictable_0_xml.js
whxdata\topictable_1_xml.js
whxdata\topictable_2_xml.js
whxdata\topictable_3_xml.js
whxdata\topictable_4_xml.js
whxdata\topictable_5_xml.js
whxdata\topictable_6_xml.js
whxdata\topictable_7_xml.js
whxdata\topictable_8_xml.js
whxdata\topictable_9_xml.js
whxdata\topictable_10_xml.js
whxdata\topictable_11_xml.js
whxdata\topictable_12_xml.js
whxdata\topictable_13_xml.js
whxdata\topictable_14_xml.js
whxdata\topictable_15_xml.js
whxdata\topictableindex_xml.js
whxdata\whfts.xml
whxdata\whfts_xml.js
whproj_xml.js
whxdata\whtoc_xml.js
whxdata\whidx_xml.js
whxdata\whglo_xml.js
resource\resource_xml.js
whbrs_xml.js
whres_xml.js
whcsh_xml.js
whxdata\whtdata0_xml.js
whxdata\whtdata1_xml.js
whxdata\whtdata2_xml.js
whxdata\whtdata3_xml.js
whxdata\whtdata4_xml.js
whxdata\whtdata5_xml.js
whxdata\whtdata6_xml.js
whxdata\whtdata7_xml.js
whxdata\whtdata8_xml.js
whxdata\whtdata9_xml.js
whxdata\whtdata10_xml.js
whxdata\whtdata11_xml.js
whxdata\whtdata12_xml.js
whxdata\whtdata13_xml.js
whxdata\whtdata14_xml.js
whxdata\whtdata15_xml.js
whxdata\whtdata16_xml.js
whxdata\whtdata17_xml.js
whxdata\whtdata18_xml.js
whxdata\whtdata19_xml.js
whxdata\whtdata20_xml.js
whxdata\whtdata21_xml.js
whxdata\whtdata22_xml.js
whxdata\whtdata23_xml.js
whdata\whtdata0.htm
whdata\whtdata1.htm
whdata\whtdata2.htm
whdata\whtdata3.htm
whdata\whtdata4.htm
whdata\whtdata5.htm
whdata\whtdata6.htm
whdata\whtdata7.htm
whdata\whtdata8.htm
whdata\whtdata9.htm
whdata\whtdata10.htm
whdata\whtdata11.htm
whdata\whtdata12.htm
whdata\whtdata13.htm
whdata\whtdata14.htm
whdata\whtdata15.htm
whdata\whtdata16.htm
whdata\whtdata17.htm
whdata\whtdata18.htm
whdata\whtdata19.htm
whdata\whtdata20.htm
whdata\whtdata21.htm
whdata\whtdata22.htm
whdata\whtdata23.htm
whgdata\whlstt0.htm
whgdata\whlstt1.htm
whgdata\whlstt2.htm
whgdata\whlstt3.htm
whgdata\whlstt4.htm
whgdata\whlstt5.htm
whgdata\whlstt6.htm
whgdata\whlstt7.htm
whgdata\whlstt8.htm
whgdata\whlstt9.htm
whgdata\whlstt10.htm
whgdata\whlstt11.htm
whgdata\whlstt12.htm
whgdata\whlstt13.htm
whgdata\whlstt14.htm
whgdata\whlstt15.htm
whgdata\whlstt16.htm
whgdata\whlstt17.htm
whgdata\whlstt18.htm
whgdata\whlstt19.htm
whgdata\whlstt20.htm
whgdata\whlstt21.htm
whgdata\whlstt22.htm
whgdata\whlstt23.htm
whgdata\whlstt24.htm
whgdata\whlstt25.htm
whgdata\whlstt26.htm
whgdata\whlstt27.htm
whgdata\whlstt28.htm
whgdata\whlsti0.htm
whgdata\whlstfl0.htm
whgdata\whlstfl1.htm
whgdata\whlstfl2.htm
whgdata\whlstfl3.htm
whgdata\whlstfl4.htm
whgdata\whlstfl5.htm
whgdata\whlstfl6.htm
whgdata\whlstfl7.htm
whgdata\whlstfl8.htm
whgdata\whlstfl9.htm
whgdata\whlstfl10.htm
whgdata\whlstfl11.htm
whgdata\whlstfl12.htm
whgdata\whlstfl13.htm
whgdata\whlstfl14.htm
whgdata\whlstfl15.htm
whgdata\whlstfl16.htm
whgdata\whlstfl17.htm
whgdata\whlstfl18.htm
whgdata\whlstfl19.htm
whgdata\whlstfl20.htm
whgdata\whlstfl21.htm
whgdata\whlstfl22.htm
whgdata\whlstfl23.htm
whgdata\whlstfl24.htm
whgdata\whlstfl25.htm
whgdata\whlstf0.htm
whgdata\whlstf1.htm
whgdata\whlstf2.htm
whgdata\whlstf3.htm
whgdata\whlstf4.htm
whgdata\whlstf5.htm
whgdata\whlstf6.htm
whgdata\whlstf7.htm
whgdata\whlstf8.htm
whgdata\whlstf9.htm
whgdata\whlstf10.htm
whgdata\whlstf11.htm
whgdata\whlstf12.htm
whgdata\whlstf13.htm
whgdata\whlstf14.htm
whgdata\whlstf15.htm
whgdata\whlstf16.htm
whgdata\whlstf17.htm
whgdata\whlstf18.htm
whgdata\whlstf19.htm
whgdata\whlstf20.htm
whgdata\whlstf21.htm
whgdata\whlstf22.htm
whgdata\whlstf23.htm
whgdata\whlstf24.htm
whgdata\whlstf25.htm
whgdata\whlstf26.htm
whgdata\whlstf27.htm
whgdata\whlstf28.htm
whgdata\whlstf29.htm
whgdata\whlstf30.htm
whgdata\whlstf31.htm
whgdata\whlstf32.htm
whgdata\whlstf33.htm
whgdata\whlstf34.htm
whgdata\whlstf35.htm
whgdata\whlstf36.htm
whgdata\whlstf37.htm
whgdata\whlstf38.htm
whgdata\whlstf39.htm
whgdata\whlstf40.htm
whgdata\whlstf41.htm
whgdata\whlstf42.htm
whgdata\whlstf43.htm
whgdata\whlstf44.htm
whgdata\whlstf45.htm
whgdata\whlstf46.htm
whgdata\whlstf47.htm
whgdata\whlstf48.htm
whgdata\whlstf49.htm
whgdata\whlstf50.htm
whgdata\whlstf51.htm
whgdata\whlstf52.htm
whgdata\whlstf53.htm
whgdata\whlstf54.htm
whgdata\whlstf55.htm
whgdata\whlstf56.htm
whgdata\whlstf57.htm
whgdata\whlstf58.htm
whgdata\whlstf59.htm
whgdata\whlstf60.htm
whgdata\whlstf61.htm
whgdata\whlstf62.htm
whgdata\whlstf63.htm
whgdata\whlstf64.htm
whgdata\whlstf65.htm
whgdata\whlstf66.htm
whgdata\whlstf67.htm
whgdata\whlstf68.htm
whgdata\whlstf69.htm
whgdata\whlstf70.htm
whgdata\whlstf71.htm
whgdata\whlstf72.htm
whgdata\whlstf73.htm
whgdata\whlstf74.htm
whgdata\whlstf75.htm
whgdata\whlstf76.htm
whgdata\whlstf77.htm
whgdata\whlstf78.htm
whgdata\whlstf79.htm
whgdata\whlstg0.htm
index.html
index_csh.html
index_rhc.html
